artutl.obj
bignum.obj
bigprm.obj
bitstr.obj
boot.obj
char.obj
cmpint.obj
cmpi386.obj
comutl.obj
daemon.obj
debug.obj
dfloat.obj
error.obj
extern.obj
fasload.obj
fixnum.obj
flonum.obj
generic.obj
hooks.obj
hunk.obj
intern.obj
interp.obj
intprm.obj
list.obj
lookprm.obj
lookup.obj
obstack.obj
option.obj
osscheme.obj
ostty.obj
prim.obj
primutl.obj
prmcon.obj
ptrvec.obj
purutl.obj
regex.obj
rgxprim.obj
step.obj
storage.obj
string.obj
syntax.obj
sysprim.obj
term.obj
transact.obj
utils.obj
vector.obj
wind.obj
missing.obj
intext.obj
tparam.obj
prosfile.obj
prosfs.obj
prosio.obj
prosenv.obj
prosterm.obj
prostty.obj
prdosenv.obj
prdosfs.obj
dosasutl.obj
dosconio.obj
dosenv.obj
dosexcp.obj
dosfile.obj
dosfs.obj
dosi10.obj
dosint10.obj
dosio.obj
doskbd.obj
doskbutl.obj
dossig.obj
dossys.obj
dostop.obj
dostrap.obj
dostterm.obj
dostty.obj
dosutil.obj
dosx32.obj
dosxcutl.obj
bchdmp.obj
bchgcl.obj
bchmmg.obj
bchpur.obj
bchutl.obj
bchdef.obj
-lm
-mx
-3
-obchscheme.exe
