artutl.obj
bignum.obj
bigprm.obj
bitstr.obj
boot.obj
char.obj
cmpi386.obj
cmpint.obj
comutl.obj
daemon.obj
debug.obj
dfloat.obj
error.obj
extern.obj
fasload.obj
fixnum.obj
flonum.obj
generic.obj
hooks.obj
hunk.obj
intern.obj
interp.obj
intext.obj
intprm.obj
list.obj
lookprm.obj
lookup.obj
missing.obj
obstack.obj
option.obj
osscheme.obj
ostty.obj
prim.obj
primutl.obj
prmcon.obj
ptrvec.obj
purutl.obj
regex.obj
rgxprim.obj
step.obj
storage.obj
string.obj
syntax.obj
sysprim.obj
term.obj
tparam.obj
transact.obj
utils.obj
vector.obj
wind.obj

prosenv.obj
prosfile.obj
prosfs.obj
prosio.obj
prosterm.obj
prostty.obj

prdosenv.obj
prdosfs.obj

dosasutl.obj
dosconio.obj
dosenv.obj
dosexcp.obj
dosfile.obj
dosfs.obj
dosi10.obj
dosint10.obj
dosio.obj
doskbd.obj
doskbutl.obj
dossig.obj
dossys.obj
dostop.obj
dostrap.obj
dostterm.obj
dostty.obj
dosutil.obj
dosx32.obj
dosxcutl.obj

fasdump.obj
gcloop.obj
memmag.obj
purify.obj
usrdef.obj

-lm
-mx
-3
-oscheme.exe
