artutl.obj
avltree.obj
bignum.obj
bigprm.obj
bitstr.obj
boot.obj
char.obj
cmpauxmd.obj
cmpint.obj
comutl.obj
daemon.obj
debug.obj
dfloat.obj
error.obj
extern.obj
fasload.obj
fixnum.obj
flonum.obj
generic.obj
hooks.obj
hunk.obj
intern.obj
interp.obj
intext.obj
intprm.obj
list.obj
lookprm.obj
lookup.obj
missing.obj
obstack.obj
option.obj
osscheme.obj
ostty.obj
outf.obj
prim.obj
primutl.obj
prmcon.obj
ptrvec.obj
purutl.obj
regex.obj
rgxprim.obj
step.obj
storage.obj
string.obj
syntax.obj
sysprim.obj
term.obj
tparam.obj
transact.obj
utils.obj
vector.obj
wind.obj

prosenv.obj
prosfile.obj
prosfs.obj
prosio.obj
prosterm.obj
prostty.obj

prntenv.obj
prntfs.obj
prntio.obj

ntasutl.obj
ntenv.obj
ntfile.obj
ntfs.obj
ntgui.obj
ntgui.res
ntio.obj
ntsig.obj
ntsys.obj
nttop.obj
nttrap.obj
ntscreen.obj
nttterm.obj
nttty.obj

fasdump.obj
gcloop.obj
memmag.obj
purify.obj
wabbit.obj
usrdef.obj
